<?xml version="1.0" encoding="UTF-8"?>
<coverage generated="1593684002008" clover="3.2.0">
  <project timestamp="1593684002008" name="All files">
    <metrics statements="4" coveredstatements="4" conditionals="0" coveredconditionals="0" methods="1" coveredmethods="1" elements="5" coveredelements="5" complexity="0" loc="4" ncloc="4" packages="1" files="2" classes="2"/>
    <file name="index.js" path="D:\workspace\vue-more-pages\src\pages\index\index.js">
      <metrics statements="3" coveredstatements="3" conditionals="0" coveredconditionals="0" methods="1" coveredmethods="1"/>
      <line num="4" count="1" type="stmt"/>
      <line num="6" count="1" type="stmt"/>
      <line num="7" count="1" type="stmt"/>
    </file>
    <file name="index.vue" path="D:\workspace\vue-more-pages\src\pages\index\index.vue">
      <metrics statements="1" coveredstatements="1" conditionals="0" coveredconditionals="0" methods="0" coveredmethods="0"/>
      <line num="10" count="1" type="stmt"/>
    </file>
  </project>
</coverage>
