{"D:\\workspace\\vue-more-pages\\src\\pages\\index\\index.js": {"path":"D:\\workspace\\vue-more-pages\\src\\pages\\index\\index.js","statementMap":{"0":{"start":{"line":4,"column":0},"end":{"line":4,"column":32}},"1":{"start":{"line":6,"column":0},"end":{"line":8,"column":17}},"2":{"start":{"line":7,"column":15},"end":{"line":7,"column":21}}},"fnMap":{"0":{"name":"(anonymous_0)","decl":{"start":{"line":7,"column":10},"end":{"line":7,"column":11}},"loc":{"start":{"line":7,"column":15},"end":{"line":7,"column":21}},"line":7}},"branchMap":{},"s":{"0":1,"1":1,"2":1},"f":{"0":1},"b":{},"_coverageSchema":"1a1c01bbd47fc00a2c39e90264f33305004495a9","hash":"bf93730e5404a6ae6726c9dd1a99d4ea222527c1"}
,"D:\\workspace\\vue-more-pages\\src\\pages\\index\\index.vue": {"path":"D:\\workspace\\vue-more-pages\\src\\pages\\index\\index.vue","statementMap":{"0":{"start":{"line":10,"column":0},"end":{"line":10,"column":null}}},"fnMap":{},"branchMap":{},"s":{"0":1},"f":{},"b":{}}
}
